c:\users\jota\source\repos\bejeweled-sdl\miniclip-bejewel\miniclip-bejewel\debug\vc142.pdb
c:\users\jota\source\repos\bejeweled-sdl\miniclip-bejewel\miniclip-bejewel\debug\vc142.idb
c:\users\jota\source\repos\bejeweled-sdl\miniclip-bejewel\miniclip-bejewel\debug\window.obj
c:\users\jota\source\repos\bejeweled-sdl\miniclip-bejewel\miniclip-bejewel\debug\texture.obj
c:\users\jota\source\repos\bejeweled-sdl\miniclip-bejewel\miniclip-bejewel\debug\main.obj
c:\users\jota\source\repos\bejeweled-sdl\miniclip-bejewel\miniclip-bejewel\debug\globalvariables.obj
c:\users\jota\source\repos\bejeweled-sdl\miniclip-bejewel\miniclip-bejewel\debug\game.obj
c:\users\jota\source\repos\bejeweled-sdl\miniclip-bejewel\miniclip-bejewel\debug\sdlutils.obj
c:\users\jota\source\repos\bejeweled-sdl\miniclip-bejewel\debug\miniclip-bejewel.exe
c:\users\jota\source\repos\bejeweled-sdl\miniclip-bejewel\debug\miniclip-bejewel.ilk
c:\users\jota\source\repos\bejeweled-sdl\miniclip-bejewel\debug\miniclip-bejewel.pdb
c:\users\jota\source\repos\bejeweled-sdl\miniclip-bejewel\miniclip-bejewel\debug\miniclip-bejewel.tlog\cl.command.1.tlog
c:\users\jota\source\repos\bejeweled-sdl\miniclip-bejewel\miniclip-bejewel\debug\miniclip-bejewel.tlog\cl.read.1.tlog
c:\users\jota\source\repos\bejeweled-sdl\miniclip-bejewel\miniclip-bejewel\debug\miniclip-bejewel.tlog\cl.write.1.tlog
c:\users\jota\source\repos\bejeweled-sdl\miniclip-bejewel\miniclip-bejewel\debug\miniclip-bejewel.tlog\link-cvtres.read.1.tlog
c:\users\jota\source\repos\bejeweled-sdl\miniclip-bejewel\miniclip-bejewel\debug\miniclip-bejewel.tlog\link-cvtres.write.1.tlog
c:\users\jota\source\repos\bejeweled-sdl\miniclip-bejewel\miniclip-bejewel\debug\miniclip-bejewel.tlog\link-rc.read.1.tlog
c:\users\jota\source\repos\bejeweled-sdl\miniclip-bejewel\miniclip-bejewel\debug\miniclip-bejewel.tlog\link-rc.write.1.tlog
c:\users\jota\source\repos\bejeweled-sdl\miniclip-bejewel\miniclip-bejewel\debug\miniclip-bejewel.tlog\link.2132-cvtres.read.1.tlog
c:\users\jota\source\repos\bejeweled-sdl\miniclip-bejewel\miniclip-bejewel\debug\miniclip-bejewel.tlog\link.2132-cvtres.write.1.tlog
c:\users\jota\source\repos\bejeweled-sdl\miniclip-bejewel\miniclip-bejewel\debug\miniclip-bejewel.tlog\link.2132-rc.read.1.tlog
c:\users\jota\source\repos\bejeweled-sdl\miniclip-bejewel\miniclip-bejewel\debug\miniclip-bejewel.tlog\link.2132-rc.write.1.tlog
c:\users\jota\source\repos\bejeweled-sdl\miniclip-bejewel\miniclip-bejewel\debug\miniclip-bejewel.tlog\link.2132.read.1.tlog
c:\users\jota\source\repos\bejeweled-sdl\miniclip-bejewel\miniclip-bejewel\debug\miniclip-bejewel.tlog\link.2132.write.1.tlog
c:\users\jota\source\repos\bejeweled-sdl\miniclip-bejewel\miniclip-bejewel\debug\miniclip-bejewel.tlog\link.command.1.tlog
c:\users\jota\source\repos\bejeweled-sdl\miniclip-bejewel\miniclip-bejewel\debug\miniclip-bejewel.tlog\link.read.1.tlog
c:\users\jota\source\repos\bejeweled-sdl\miniclip-bejewel\miniclip-bejewel\debug\miniclip-bejewel.tlog\link.write.1.tlog
